<?xml version="1.0" encoding="UTF-8"?>
<!-- Generated by org.testng.reporters.JUnitXMLReporter -->
<testsuite ignored="0" hostname="DESKTOP-HSNMEPH" failures="0" tests="10" name="Report Test" time="107.092" errors="0" timestamp="2022-07-15T00:12:25 ICT">
  <testcase classname="com.nexsoft.jcb.test.TestModulCompleted" name="input_kolom_search_by_merchant_name" time="7.609"/>
  <testcase classname="com.nexsoft.jcb.test.TestModulCompleted" name="input_kolom_search_by_category" time="7.566"/>
  <testcase classname="com.nexsoft.jcb.test.TestModulCompleted" name="input_kolom_search_by_address" time="8.181"/>
  <testcase classname="com.nexsoft.jcb.test.TestModulCompleted" name="input_kolom_search_by_PIC_Name" time="6.898"/>
  <testcase classname="com.nexsoft.jcb.test.TestModulCompleted" name="input_kolom_search_by_PIC_Position" time="6.951"/>
  <testcase classname="com.nexsoft.jcb.test.TestModulCompleted" name="input_kolom_search_by_PIC_Phone_Number" time="6.898"/>
  <testcase classname="com.nexsoft.jcb.test.TestModulCompleted" name="input_kolom_search_by_Merchant_Acc_JCB" time="7.579"/>
  <testcase classname="com.nexsoft.jcb.test.TestModulCompleted" name="click_View_Photo" time="8.634"/>
  <testcase classname="com.nexsoft.jcb.test.TestModulCompleted" name="click_View_EDC" time="8.427"/>
  <testcase classname="com.nexsoft.jcb.test.TestModulCompleted" name="click_Return_and_input_notes_return" time="8.918"/>
</testsuite> <!-- Report Test -->
